<?xml version="1.0" encoding="UTF-8"?>
<coverage generated="1543985060603" clover="3.2.0">
  <project timestamp="1543985060603" name="All files">
    <metrics statements="11" coveredstatements="10" conditionals="8" coveredconditionals="5" methods="5" coveredmethods="5" elements="24" coveredelements="20" complexity="0" loc="11" ncloc="11" packages="1" files="1" classes="1">
      <file name="index.js" path="C:\Users\KuncoroWicaksonoAdiB\Desktop\woi-woi\index.js">
        <metrics statements="11" coveredstatements="10" conditionals="8" coveredconditionals="5" methods="5" coveredmethods="5"/>
        <line num="2" count="1" type="stmt"/>
        <line num="6" count="4" type="cond" truecount="2" falsecount="0"/>
        <line num="7" count="3" type="cond" truecount="2" falsecount="0"/>
        <line num="8" count="1" type="stmt"/>
        <line num="18" count="3" type="stmt"/>
        <line num="19" count="3" type="cond" truecount="1" falsecount="1"/>
        <line num="20" count="3" type="stmt"/>
        <line num="24" count="3" type="stmt"/>
        <line num="25" count="0" type="cond" truecount="0" falsecount="2"/>
        <line num="28" count="1" type="stmt"/>
        <line num="31" count="1" type="stmt"/>
      </file>
    </metrics>
  </project>
</coverage>
