{"C:\\Users\\KuncoroWicaksonoAdiB\\Desktop\\woi-woi\\index.js": {"path":"C:\\Users\\KuncoroWicaksonoAdiB\\Desktop\\woi-woi\\index.js","statementMap":{"0":{"start":{"line":2,"column":17},"end":{"line":2,"column":19}},"1":{"start":{"line":6,"column":6},"end":{"line":6,"column":42}},"2":{"start":{"line":6,"column":35},"end":{"line":6,"column":42}},"3":{"start":{"line":7,"column":6},"end":{"line":15,"column":7}},"4":{"start":{"line":8,"column":8},"end":{"line":14,"column":10}},"5":{"start":{"line":18,"column":8},"end":{"line":21,"column":11}},"6":{"start":{"line":19,"column":10},"end":{"line":19,"column":46}},"7":{"start":{"line":19,"column":39},"end":{"line":19,"column":46}},"8":{"start":{"line":20,"column":10},"end":{"line":20,"column":35}},"9":{"start":{"line":24,"column":6},"end":{"line":24,"column":41}},"10":{"start":{"line":25,"column":6},"end":{"line":25,"column":42}},"11":{"start":{"line":25,"column":35},"end":{"line":25,"column":42}},"12":{"start":{"line":28,"column":4},"end":{"line":28,"column":37}},"13":{"start":{"line":28,"column":20},"end":{"line":28,"column":36}},"14":{"start":{"line":31,"column":0},"end":{"line":31,"column":25}}},"fnMap":{"0":{"name":"compose","decl":{"start":{"line":1,"column":9},"end":{"line":1,"column":16}},"loc":{"start":{"line":1,"column":33},"end":{"line":29,"column":1}},"line":1},"1":{"name":"middle","decl":{"start":{"line":5,"column":19},"end":{"line":5,"column":25}},"loc":{"start":{"line":5,"column":36},"end":{"line":26,"column":5}},"line":5},"2":{"name":"next","decl":{"start":{"line":17,"column":21},"end":{"line":17,"column":25}},"loc":{"start":{"line":17,"column":28},"end":{"line":22,"column":7}},"line":17},"3":{"name":"(anonymous_3)","decl":{"start":{"line":18,"column":27},"end":{"line":18,"column":28}},"loc":{"start":{"line":18,"column":39},"end":{"line":21,"column":9}},"line":18},"4":{"name":"(anonymous_4)","decl":{"start":{"line":28,"column":11},"end":{"line":28,"column":12}},"loc":{"start":{"line":28,"column":20},"end":{"line":28,"column":36}},"line":28}},"branchMap":{"0":{"loc":{"start":{"line":6,"column":6},"end":{"line":6,"column":42}},"type":"if","locations":[{"start":{"line":6,"column":6},"end":{"line":6,"column":42}},{"start":{"line":6,"column":6},"end":{"line":6,"column":42}}],"line":6},"1":{"loc":{"start":{"line":7,"column":6},"end":{"line":15,"column":7}},"type":"if","locations":[{"start":{"line":7,"column":6},"end":{"line":15,"column":7}},{"start":{"line":7,"column":6},"end":{"line":15,"column":7}}],"line":7},"2":{"loc":{"start":{"line":19,"column":10},"end":{"line":19,"column":46}},"type":"if","locations":[{"start":{"line":19,"column":10},"end":{"line":19,"column":46}},{"start":{"line":19,"column":10},"end":{"line":19,"column":46}}],"line":19},"3":{"loc":{"start":{"line":25,"column":6},"end":{"line":25,"column":42}},"type":"if","locations":[{"start":{"line":25,"column":6},"end":{"line":25,"column":42}},{"start":{"line":25,"column":6},"end":{"line":25,"column":42}}],"line":25}},"s":{"0":1,"1":4,"2":1,"3":3,"4":1,"5":3,"6":3,"7":0,"8":3,"9":3,"10":0,"11":0,"12":1,"13":1,"14":1},"f":{"0":1,"1":4,"2":3,"3":3,"4":1},"b":{"0":[1,3],"1":[1,2],"2":[0,3],"3":[0,0]},"_coverageSchema":"332fd63041d2c1bcb487cc26dd0d5f7d97098a6c","hash":"771c6477325b29c3a65f2c9a2706e590a65ce9b7"}
}
